<?xml version="1.0" encoding="UTF-8"?>
<testsuite xmlns:xsi="http://www.w3.org/2001/XMLSchema-instance" xsi:noNamespaceSchemaLocation="https://maven.apache.org/surefire/maven-surefire-plugin/xsd/surefire-test-report.xsd" name="com.ejemplo.SpringBoot.ApplicationTests" time="7.297" tests="1" errors="0" skipped="0" failures="0">
  <properties>
    <property name="java.specification.version" value="20"/>
    <property name="sun.cpu.isalist" value="amd64"/>
    <property name="sun.jnu.encoding" value="Cp1252"/>
    <property name="java.class.path" value="E:\Github\Portafolio-Web-BackEnd\target\test-classes;E:\Github\Portafolio-Web-BackEnd\target\classes;E:\Programas\maven\com\mysql\mysql-connector-j\8.0.33\mysql-connector-j-8.0.33.jar;E:\Programas\maven\com\google\protobuf\protobuf-java\3.21.9\protobuf-java-3.21.9.jar;E:\Programas\maven\org\springframework\boot\spring-boot-starter-data-jpa\2.6.7\spring-boot-starter-data-jpa-2.6.7.jar;E:\Programas\maven\org\springframework\boot\spring-boot-starter-aop\2.6.7\spring-boot-starter-aop-2.6.7.jar;E:\Programas\maven\org\aspectj\aspectjweaver\1.9.7\aspectjweaver-1.9.7.jar;E:\Programas\maven\org\springframework\boot\spring-boot-starter-jdbc\2.6.7\spring-boot-starter-jdbc-2.6.7.jar;E:\Programas\maven\com\zaxxer\HikariCP\4.0.3\HikariCP-4.0.3.jar;E:\Programas\maven\org\springframework\spring-jdbc\5.3.19\spring-jdbc-5.3.19.jar;E:\Programas\maven\jakarta\transaction\jakarta.transaction-api\1.3.3\jakarta.transaction-api-1.3.3.jar;E:\Programas\maven\jakarta\persistence\jakarta.persistence-api\2.2.3\jakarta.persistence-api-2.2.3.jar;E:\Programas\maven\org\hibernate\hibernate-core\5.6.8.Final\hibernate-core-5.6.8.Final.jar;E:\Programas\maven\org\jboss\logging\jboss-logging\3.4.3.Final\jboss-logging-3.4.3.Final.jar;E:\Programas\maven\net\bytebuddy\byte-buddy\1.11.22\byte-buddy-1.11.22.jar;E:\Programas\maven\antlr\antlr\2.7.7\antlr-2.7.7.jar;E:\Programas\maven\org\jboss\jandex\2.4.2.Final\jandex-2.4.2.Final.jar;E:\Programas\maven\com\fasterxml\classmate\1.5.1\classmate-1.5.1.jar;E:\Programas\maven\org\hibernate\common\hibernate-commons-annotations\5.1.2.Final\hibernate-commons-annotations-5.1.2.Final.jar;E:\Programas\maven\org\glassfish\jaxb\jaxb-runtime\2.3.6\jaxb-runtime-2.3.6.jar;E:\Programas\maven\org\glassfish\jaxb\txw2\2.3.6\txw2-2.3.6.jar;E:\Programas\maven\com\sun\istack\istack-commons-runtime\3.0.12\istack-commons-runtime-3.0.12.jar;E:\Programas\maven\com\sun\activation\jakarta.activation\1.2.2\jakarta.activation-1.2.2.jar;E:\Programas\maven\org\springframework\data\spring-data-jpa\2.6.4\spring-data-jpa-2.6.4.jar;E:\Programas\maven\org\springframework\data\spring-data-commons\2.6.4\spring-data-commons-2.6.4.jar;E:\Programas\maven\org\springframework\spring-orm\5.3.19\spring-orm-5.3.19.jar;E:\Programas\maven\org\springframework\spring-context\5.3.19\spring-context-5.3.19.jar;E:\Programas\maven\org\springframework\spring-tx\5.3.19\spring-tx-5.3.19.jar;E:\Programas\maven\org\springframework\spring-beans\5.3.19\spring-beans-5.3.19.jar;E:\Programas\maven\org\slf4j\slf4j-api\1.7.36\slf4j-api-1.7.36.jar;E:\Programas\maven\org\springframework\spring-aspects\5.3.19\spring-aspects-5.3.19.jar;E:\Programas\maven\org\springframework\boot\spring-boot-starter-validation\2.6.7\spring-boot-starter-validation-2.6.7.jar;E:\Programas\maven\org\springframework\boot\spring-boot-starter\2.6.7\spring-boot-starter-2.6.7.jar;E:\Programas\maven\org\springframework\boot\spring-boot-starter-logging\2.6.7\spring-boot-starter-logging-2.6.7.jar;E:\Programas\maven\ch\qos\logback\logback-classic\1.2.11\logback-classic-1.2.11.jar;E:\Programas\maven\ch\qos\logback\logback-core\1.2.11\logback-core-1.2.11.jar;E:\Programas\maven\org\apache\logging\log4j\log4j-to-slf4j\2.17.2\log4j-to-slf4j-2.17.2.jar;E:\Programas\maven\org\apache\logging\log4j\log4j-api\2.17.2\log4j-api-2.17.2.jar;E:\Programas\maven\org\slf4j\jul-to-slf4j\1.7.36\jul-to-slf4j-1.7.36.jar;E:\Programas\maven\jakarta\annotation\jakarta.annotation-api\1.3.5\jakarta.annotation-api-1.3.5.jar;E:\Programas\maven\org\yaml\snakeyaml\1.29\snakeyaml-1.29.jar;E:\Programas\maven\org\apache\tomcat\embed\tomcat-embed-el\9.0.62\tomcat-embed-el-9.0.62.jar;E:\Programas\maven\org\hibernate\validator\hibernate-validator\6.2.3.Final\hibernate-validator-6.2.3.Final.jar;E:\Programas\maven\jakarta\validation\jakarta.validation-api\2.0.2\jakarta.validation-api-2.0.2.jar;E:\Programas\maven\org\springframework\boot\spring-boot-starter-web\2.6.7\spring-boot-starter-web-2.6.7.jar;E:\Programas\maven\org\springframework\boot\spring-boot-starter-json\2.6.7\spring-boot-starter-json-2.6.7.jar;E:\Programas\maven\com\fasterxml\jackson\datatype\jackson-datatype-jdk8\2.13.2\jackson-datatype-jdk8-2.13.2.jar;E:\Programas\maven\com\fasterxml\jackson\datatype\jackson-datatype-jsr310\2.13.2\jackson-datatype-jsr310-2.13.2.jar;E:\Programas\maven\com\fasterxml\jackson\module\jackson-module-parameter-names\2.13.2\jackson-module-parameter-names-2.13.2.jar;E:\Programas\maven\org\springframework\boot\spring-boot-starter-tomcat\2.6.7\spring-boot-starter-tomcat-2.6.7.jar;E:\Programas\maven\org\apache\tomcat\embed\tomcat-embed-core\9.0.62\tomcat-embed-core-9.0.62.jar;E:\Programas\maven\org\apache\tomcat\embed\tomcat-embed-websocket\9.0.62\tomcat-embed-websocket-9.0.62.jar;E:\Programas\maven\org\springframework\spring-web\5.3.19\spring-web-5.3.19.jar;E:\Programas\maven\org\springframework\spring-webmvc\5.3.19\spring-webmvc-5.3.19.jar;E:\Programas\maven\org\springframework\spring-expression\5.3.19\spring-expression-5.3.19.jar;E:\Programas\maven\org\springframework\boot\spring-boot-devtools\2.6.7\spring-boot-devtools-2.6.7.jar;E:\Programas\maven\org\springframework\boot\spring-boot\2.6.7\spring-boot-2.6.7.jar;E:\Programas\maven\org\springframework\boot\spring-boot-autoconfigure\2.6.7\spring-boot-autoconfigure-2.6.7.jar;E:\Programas\maven\org\projectlombok\lombok\1.18.24\lombok-1.18.24.jar;E:\Programas\maven\org\springframework\boot\spring-boot-starter-test\2.6.7\spring-boot-starter-test-2.6.7.jar;E:\Programas\maven\org\springframework\boot\spring-boot-test\2.6.7\spring-boot-test-2.6.7.jar;E:\Programas\maven\org\springframework\boot\spring-boot-test-autoconfigure\2.6.7\spring-boot-test-autoconfigure-2.6.7.jar;E:\Programas\maven\com\jayway\jsonpath\json-path\2.6.0\json-path-2.6.0.jar;E:\Programas\maven\net\minidev\json-smart\2.4.8\json-smart-2.4.8.jar;E:\Programas\maven\net\minidev\accessors-smart\2.4.8\accessors-smart-2.4.8.jar;E:\Programas\maven\org\ow2\asm\asm\9.1\asm-9.1.jar;E:\Programas\maven\jakarta\xml\bind\jakarta.xml.bind-api\2.3.3\jakarta.xml.bind-api-2.3.3.jar;E:\Programas\maven\jakarta\activation\jakarta.activation-api\1.2.2\jakarta.activation-api-1.2.2.jar;E:\Programas\maven\org\assertj\assertj-core\3.21.0\assertj-core-3.21.0.jar;E:\Programas\maven\org\hamcrest\hamcrest\2.2\hamcrest-2.2.jar;E:\Programas\maven\org\junit\jupiter\junit-jupiter\5.8.2\junit-jupiter-5.8.2.jar;E:\Programas\maven\org\junit\jupiter\junit-jupiter-api\5.8.2\junit-jupiter-api-5.8.2.jar;E:\Programas\maven\org\opentest4j\opentest4j\1.2.0\opentest4j-1.2.0.jar;E:\Programas\maven\org\junit\platform\junit-platform-commons\1.8.2\junit-platform-commons-1.8.2.jar;E:\Programas\maven\org\apiguardian\apiguardian-api\1.1.2\apiguardian-api-1.1.2.jar;E:\Programas\maven\org\junit\jupiter\junit-jupiter-params\5.8.2\junit-jupiter-params-5.8.2.jar;E:\Programas\maven\org\junit\jupiter\junit-jupiter-engine\5.8.2\junit-jupiter-engine-5.8.2.jar;E:\Programas\maven\org\junit\platform\junit-platform-engine\1.8.2\junit-platform-engine-1.8.2.jar;E:\Programas\maven\org\mockito\mockito-core\4.0.0\mockito-core-4.0.0.jar;E:\Programas\maven\net\bytebuddy\byte-buddy-agent\1.11.22\byte-buddy-agent-1.11.22.jar;E:\Programas\maven\org\objenesis\objenesis\3.2\objenesis-3.2.jar;E:\Programas\maven\org\mockito\mockito-junit-jupiter\4.0.0\mockito-junit-jupiter-4.0.0.jar;E:\Programas\maven\org\skyscreamer\jsonassert\1.5.0\jsonassert-1.5.0.jar;E:\Programas\maven\com\vaadin\external\google\android-json\0.0.20131108.vaadin1\android-json-0.0.20131108.vaadin1.jar;E:\Programas\maven\org\springframework\spring-core\5.3.19\spring-core-5.3.19.jar;E:\Programas\maven\org\springframework\spring-jcl\5.3.19\spring-jcl-5.3.19.jar;E:\Programas\maven\org\springframework\spring-test\5.3.19\spring-test-5.3.19.jar;E:\Programas\maven\org\xmlunit\xmlunit-core\2.8.4\xmlunit-core-2.8.4.jar;E:\Programas\maven\org\springframework\boot\spring-boot-starter-security\2.6.7\spring-boot-starter-security-2.6.7.jar;E:\Programas\maven\org\springframework\spring-aop\5.3.19\spring-aop-5.3.19.jar;E:\Programas\maven\org\springframework\security\spring-security-config\5.6.3\spring-security-config-5.6.3.jar;E:\Programas\maven\org\springframework\security\spring-security-core\5.6.3\spring-security-core-5.6.3.jar;E:\Programas\maven\org\springframework\security\spring-security-crypto\5.6.3\spring-security-crypto-5.6.3.jar;E:\Programas\maven\org\springframework\security\spring-security-web\5.6.3\spring-security-web-5.6.3.jar;E:\Programas\maven\io\jsonwebtoken\jjwt\0.9.1\jjwt-0.9.1.jar;E:\Programas\maven\com\fasterxml\jackson\core\jackson-databind\2.13.2.1\jackson-databind-2.13.2.1.jar;E:\Programas\maven\com\fasterxml\jackson\core\jackson-annotations\2.13.2\jackson-annotations-2.13.2.jar;E:\Programas\maven\com\fasterxml\jackson\core\jackson-core\2.13.2\jackson-core-2.13.2.jar;E:\Programas\maven\org\apache\commons\commons-lang3\3.9\commons-lang3-3.9.jar;E:\Programas\maven\javax\xml\bind\jaxb-api\2.4.0-b180830.0359\jaxb-api-2.4.0-b180830.0359.jar;E:\Programas\maven\javax\activation\javax.activation-api\1.2.0\javax.activation-api-1.2.0.jar;"/>
    <property name="java.vm.vendor" value="Oracle Corporation"/>
    <property name="sun.arch.data.model" value="64"/>
    <property name="user.variant" value=""/>
    <property name="java.vendor.url" value="https://java.oracle.com/"/>
    <property name="user.timezone" value="America/Buenos_Aires"/>
    <property name="user.country.format" value="AR"/>
    <property name="os.name" value="Windows 10"/>
    <property name="java.vm.specification.version" value="20"/>
    <property name="user.country" value="US"/>
    <property name="sun.java.launcher" value="SUN_STANDARD"/>
    <property name="sun.boot.library.path" value="E:\Programas\Java\bin"/>
    <property name="sun.java.command" value="C:\Users\Ezequiel\AppData\Local\Temp\surefire4910158681943822984\surefirebooter6974380940230875003.jar C:\Users\Ezequiel\AppData\Local\Temp\surefire4910158681943822984 2023-05-13T17-14-37_913-jvmRun1 surefire15803913235347634793tmp surefire_02544985751732344292tmp"/>
    <property name="jdk.debug" value="release"/>
    <property name="surefire.test.class.path" value="E:\Github\Portafolio-Web-BackEnd\target\test-classes;E:\Github\Portafolio-Web-BackEnd\target\classes;E:\Programas\maven\com\mysql\mysql-connector-j\8.0.33\mysql-connector-j-8.0.33.jar;E:\Programas\maven\com\google\protobuf\protobuf-java\3.21.9\protobuf-java-3.21.9.jar;E:\Programas\maven\org\springframework\boot\spring-boot-starter-data-jpa\2.6.7\spring-boot-starter-data-jpa-2.6.7.jar;E:\Programas\maven\org\springframework\boot\spring-boot-starter-aop\2.6.7\spring-boot-starter-aop-2.6.7.jar;E:\Programas\maven\org\aspectj\aspectjweaver\1.9.7\aspectjweaver-1.9.7.jar;E:\Programas\maven\org\springframework\boot\spring-boot-starter-jdbc\2.6.7\spring-boot-starter-jdbc-2.6.7.jar;E:\Programas\maven\com\zaxxer\HikariCP\4.0.3\HikariCP-4.0.3.jar;E:\Programas\maven\org\springframework\spring-jdbc\5.3.19\spring-jdbc-5.3.19.jar;E:\Programas\maven\jakarta\transaction\jakarta.transaction-api\1.3.3\jakarta.transaction-api-1.3.3.jar;E:\Programas\maven\jakarta\persistence\jakarta.persistence-api\2.2.3\jakarta.persistence-api-2.2.3.jar;E:\Programas\maven\org\hibernate\hibernate-core\5.6.8.Final\hibernate-core-5.6.8.Final.jar;E:\Programas\maven\org\jboss\logging\jboss-logging\3.4.3.Final\jboss-logging-3.4.3.Final.jar;E:\Programas\maven\net\bytebuddy\byte-buddy\1.11.22\byte-buddy-1.11.22.jar;E:\Programas\maven\antlr\antlr\2.7.7\antlr-2.7.7.jar;E:\Programas\maven\org\jboss\jandex\2.4.2.Final\jandex-2.4.2.Final.jar;E:\Programas\maven\com\fasterxml\classmate\1.5.1\classmate-1.5.1.jar;E:\Programas\maven\org\hibernate\common\hibernate-commons-annotations\5.1.2.Final\hibernate-commons-annotations-5.1.2.Final.jar;E:\Programas\maven\org\glassfish\jaxb\jaxb-runtime\2.3.6\jaxb-runtime-2.3.6.jar;E:\Programas\maven\org\glassfish\jaxb\txw2\2.3.6\txw2-2.3.6.jar;E:\Programas\maven\com\sun\istack\istack-commons-runtime\3.0.12\istack-commons-runtime-3.0.12.jar;E:\Programas\maven\com\sun\activation\jakarta.activation\1.2.2\jakarta.activation-1.2.2.jar;E:\Programas\maven\org\springframework\data\spring-data-jpa\2.6.4\spring-data-jpa-2.6.4.jar;E:\Programas\maven\org\springframework\data\spring-data-commons\2.6.4\spring-data-commons-2.6.4.jar;E:\Programas\maven\org\springframework\spring-orm\5.3.19\spring-orm-5.3.19.jar;E:\Programas\maven\org\springframework\spring-context\5.3.19\spring-context-5.3.19.jar;E:\Programas\maven\org\springframework\spring-tx\5.3.19\spring-tx-5.3.19.jar;E:\Programas\maven\org\springframework\spring-beans\5.3.19\spring-beans-5.3.19.jar;E:\Programas\maven\org\slf4j\slf4j-api\1.7.36\slf4j-api-1.7.36.jar;E:\Programas\maven\org\springframework\spring-aspects\5.3.19\spring-aspects-5.3.19.jar;E:\Programas\maven\org\springframework\boot\spring-boot-starter-validation\2.6.7\spring-boot-starter-validation-2.6.7.jar;E:\Programas\maven\org\springframework\boot\spring-boot-starter\2.6.7\spring-boot-starter-2.6.7.jar;E:\Programas\maven\org\springframework\boot\spring-boot-starter-logging\2.6.7\spring-boot-starter-logging-2.6.7.jar;E:\Programas\maven\ch\qos\logback\logback-classic\1.2.11\logback-classic-1.2.11.jar;E:\Programas\maven\ch\qos\logback\logback-core\1.2.11\logback-core-1.2.11.jar;E:\Programas\maven\org\apache\logging\log4j\log4j-to-slf4j\2.17.2\log4j-to-slf4j-2.17.2.jar;E:\Programas\maven\org\apache\logging\log4j\log4j-api\2.17.2\log4j-api-2.17.2.jar;E:\Programas\maven\org\slf4j\jul-to-slf4j\1.7.36\jul-to-slf4j-1.7.36.jar;E:\Programas\maven\jakarta\annotation\jakarta.annotation-api\1.3.5\jakarta.annotation-api-1.3.5.jar;E:\Programas\maven\org\yaml\snakeyaml\1.29\snakeyaml-1.29.jar;E:\Programas\maven\org\apache\tomcat\embed\tomcat-embed-el\9.0.62\tomcat-embed-el-9.0.62.jar;E:\Programas\maven\org\hibernate\validator\hibernate-validator\6.2.3.Final\hibernate-validator-6.2.3.Final.jar;E:\Programas\maven\jakarta\validation\jakarta.validation-api\2.0.2\jakarta.validation-api-2.0.2.jar;E:\Programas\maven\org\springframework\boot\spring-boot-starter-web\2.6.7\spring-boot-starter-web-2.6.7.jar;E:\Programas\maven\org\springframework\boot\spring-boot-starter-json\2.6.7\spring-boot-starter-json-2.6.7.jar;E:\Programas\maven\com\fasterxml\jackson\datatype\jackson-datatype-jdk8\2.13.2\jackson-datatype-jdk8-2.13.2.jar;E:\Programas\maven\com\fasterxml\jackson\datatype\jackson-datatype-jsr310\2.13.2\jackson-datatype-jsr310-2.13.2.jar;E:\Programas\maven\com\fasterxml\jackson\module\jackson-module-parameter-names\2.13.2\jackson-module-parameter-names-2.13.2.jar;E:\Programas\maven\org\springframework\boot\spring-boot-starter-tomcat\2.6.7\spring-boot-starter-tomcat-2.6.7.jar;E:\Programas\maven\org\apache\tomcat\embed\tomcat-embed-core\9.0.62\tomcat-embed-core-9.0.62.jar;E:\Programas\maven\org\apache\tomcat\embed\tomcat-embed-websocket\9.0.62\tomcat-embed-websocket-9.0.62.jar;E:\Programas\maven\org\springframework\spring-web\5.3.19\spring-web-5.3.19.jar;E:\Programas\maven\org\springframework\spring-webmvc\5.3.19\spring-webmvc-5.3.19.jar;E:\Programas\maven\org\springframework\spring-expression\5.3.19\spring-expression-5.3.19.jar;E:\Programas\maven\org\springframework\boot\spring-boot-devtools\2.6.7\spring-boot-devtools-2.6.7.jar;E:\Programas\maven\org\springframework\boot\spring-boot\2.6.7\spring-boot-2.6.7.jar;E:\Programas\maven\org\springframework\boot\spring-boot-autoconfigure\2.6.7\spring-boot-autoconfigure-2.6.7.jar;E:\Programas\maven\org\projectlombok\lombok\1.18.24\lombok-1.18.24.jar;E:\Programas\maven\org\springframework\boot\spring-boot-starter-test\2.6.7\spring-boot-starter-test-2.6.7.jar;E:\Programas\maven\org\springframework\boot\spring-boot-test\2.6.7\spring-boot-test-2.6.7.jar;E:\Programas\maven\org\springframework\boot\spring-boot-test-autoconfigure\2.6.7\spring-boot-test-autoconfigure-2.6.7.jar;E:\Programas\maven\com\jayway\jsonpath\json-path\2.6.0\json-path-2.6.0.jar;E:\Programas\maven\net\minidev\json-smart\2.4.8\json-smart-2.4.8.jar;E:\Programas\maven\net\minidev\accessors-smart\2.4.8\accessors-smart-2.4.8.jar;E:\Programas\maven\org\ow2\asm\asm\9.1\asm-9.1.jar;E:\Programas\maven\jakarta\xml\bind\jakarta.xml.bind-api\2.3.3\jakarta.xml.bind-api-2.3.3.jar;E:\Programas\maven\jakarta\activation\jakarta.activation-api\1.2.2\jakarta.activation-api-1.2.2.jar;E:\Programas\maven\org\assertj\assertj-core\3.21.0\assertj-core-3.21.0.jar;E:\Programas\maven\org\hamcrest\hamcrest\2.2\hamcrest-2.2.jar;E:\Programas\maven\org\junit\jupiter\junit-jupiter\5.8.2\junit-jupiter-5.8.2.jar;E:\Programas\maven\org\junit\jupiter\junit-jupiter-api\5.8.2\junit-jupiter-api-5.8.2.jar;E:\Programas\maven\org\opentest4j\opentest4j\1.2.0\opentest4j-1.2.0.jar;E:\Programas\maven\org\junit\platform\junit-platform-commons\1.8.2\junit-platform-commons-1.8.2.jar;E:\Programas\maven\org\apiguardian\apiguardian-api\1.1.2\apiguardian-api-1.1.2.jar;E:\Programas\maven\org\junit\jupiter\junit-jupiter-params\5.8.2\junit-jupiter-params-5.8.2.jar;E:\Programas\maven\org\junit\jupiter\junit-jupiter-engine\5.8.2\junit-jupiter-engine-5.8.2.jar;E:\Programas\maven\org\junit\platform\junit-platform-engine\1.8.2\junit-platform-engine-1.8.2.jar;E:\Programas\maven\org\mockito\mockito-core\4.0.0\mockito-core-4.0.0.jar;E:\Programas\maven\net\bytebuddy\byte-buddy-agent\1.11.22\byte-buddy-agent-1.11.22.jar;E:\Programas\maven\org\objenesis\objenesis\3.2\objenesis-3.2.jar;E:\Programas\maven\org\mockito\mockito-junit-jupiter\4.0.0\mockito-junit-jupiter-4.0.0.jar;E:\Programas\maven\org\skyscreamer\jsonassert\1.5.0\jsonassert-1.5.0.jar;E:\Programas\maven\com\vaadin\external\google\android-json\0.0.20131108.vaadin1\android-json-0.0.20131108.vaadin1.jar;E:\Programas\maven\org\springframework\spring-core\5.3.19\spring-core-5.3.19.jar;E:\Programas\maven\org\springframework\spring-jcl\5.3.19\spring-jcl-5.3.19.jar;E:\Programas\maven\org\springframework\spring-test\5.3.19\spring-test-5.3.19.jar;E:\Programas\maven\org\xmlunit\xmlunit-core\2.8.4\xmlunit-core-2.8.4.jar;E:\Programas\maven\org\springframework\boot\spring-boot-starter-security\2.6.7\spring-boot-starter-security-2.6.7.jar;E:\Programas\maven\org\springframework\spring-aop\5.3.19\spring-aop-5.3.19.jar;E:\Programas\maven\org\springframework\security\spring-security-config\5.6.3\spring-security-config-5.6.3.jar;E:\Programas\maven\org\springframework\security\spring-security-core\5.6.3\spring-security-core-5.6.3.jar;E:\Programas\maven\org\springframework\security\spring-security-crypto\5.6.3\spring-security-crypto-5.6.3.jar;E:\Programas\maven\org\springframework\security\spring-security-web\5.6.3\spring-security-web-5.6.3.jar;E:\Programas\maven\io\jsonwebtoken\jjwt\0.9.1\jjwt-0.9.1.jar;E:\Programas\maven\com\fasterxml\jackson\core\jackson-databind\2.13.2.1\jackson-databind-2.13.2.1.jar;E:\Programas\maven\com\fasterxml\jackson\core\jackson-annotations\2.13.2\jackson-annotations-2.13.2.jar;E:\Programas\maven\com\fasterxml\jackson\core\jackson-core\2.13.2\jackson-core-2.13.2.jar;E:\Programas\maven\org\apache\commons\commons-lang3\3.9\commons-lang3-3.9.jar;E:\Programas\maven\javax\xml\bind\jaxb-api\2.4.0-b180830.0359\jaxb-api-2.4.0-b180830.0359.jar;E:\Programas\maven\javax\activation\javax.activation-api\1.2.0\javax.activation-api-1.2.0.jar;"/>
    <property name="sun.cpu.endian" value="little"/>
    <property name="user.home" value="C:\Users\Ezequiel"/>
    <property name="user.language" value="en"/>
    <property name="java.specification.vendor" value="Oracle Corporation"/>
    <property name="java.version.date" value="2023-04-18"/>
    <property name="java.home" value="E:\Programas\Java"/>
    <property name="file.separator" value="\"/>
    <property name="basedir" value="E:\Github\Portafolio-Web-BackEnd"/>
    <property name="java.vm.compressedOopsMode" value="Zero based"/>
    <property name="line.separator" value="&#10;"/>
    <property name="java.vm.specification.vendor" value="Oracle Corporation"/>
    <property name="java.specification.name" value="Java Platform API Specification"/>
    <property name="surefire.real.class.path" value="C:\Users\Ezequiel\AppData\Local\Temp\surefire4910158681943822984\surefirebooter6974380940230875003.jar"/>
    <property name="user.script" value=""/>
    <property name="sun.management.compiler" value="HotSpot 64-Bit Tiered Compilers"/>
    <property name="java.runtime.version" value="20.0.1+9-29"/>
    <property name="user.name" value="Ezequiel"/>
    <property name="stdout.encoding" value="Cp1252"/>
    <property name="path.separator" value=";"/>
    <property name="os.version" value="10.0"/>
    <property name="java.runtime.name" value="Java(TM) SE Runtime Environment"/>
    <property name="file.encoding" value="UTF-8"/>
    <property name="java.vm.name" value="Java HotSpot(TM) 64-Bit Server VM"/>
    <property name="maven.ext.class.path" value="E:\Programas\Netbeans\NetBeans-17\netbeans\java\maven-nblib\netbeans-eventspy.jar"/>
    <property name="localRepository" value="E:\Programas\maven"/>
    <property name="java.vendor.url.bug" value="https://bugreport.java.com/bugreport/"/>
    <property name="java.io.tmpdir" value="C:\Users\Ezequiel\AppData\Local\Temp\"/>
    <property name="java.version" value="20.0.1"/>
    <property name="user.dir" value="E:\Github\Portafolio-Web-BackEnd"/>
    <property name="os.arch" value="amd64"/>
    <property name="java.vm.specification.name" value="Java Virtual Machine Specification"/>
    <property name="user.language.format" value="es"/>
    <property name="sun.os.patch.level" value=""/>
    <property name="native.encoding" value="Cp1252"/>
    <property name="java.library.path" value="E:\Programas\Java\bin;C:\WINDOWS\Sun\Java\bin;C:\WINDOWS\system32;C:\WINDOWS;C:\Program Files\Common Files\Oracle\Java\javapath;C:\Python311\Scripts\;C:\Python311\;C:\Program Files (x86)\Common Files\Oracle\Java\javapath;C:\WINDOWS\system32;C:\WINDOWS;C:\WINDOWS\System32\Wbem;C:\WINDOWS\System32\WindowsPowerShell\v1.0\;C:\Program Files (x86)\ATI Technologies\ATI.ACE\Core-Static;C:\WINDOWS\System32\OpenSSH\;C:\Program Files (x86)\NVIDIA Corporation\PhysX\Common;C:\Program Files\NVIDIA Corporation\NVIDIA NvDLISR;E:\Programas\Git\cmd;E:\Programas\Node\;C:\ProgramData\chocolatey\bin;C:\Program Files\MySQL\MySQL Shell 8.0\bin\;G:\programacion\Python\Scripts\;G:\programacion\Python\;C:\Users\Ezequiel\AppData\Local\Microsoft\WindowsApps;C:\Program Files\mingw-w64\x86_64-8.1.0-posix-seh-rt_v6-rev0\mingw64\bin;G:\Microsoft VS Code\bin;C:\Users\Ezequiel\AppData\Roaming\npm;C:\Users\Ezequiel\AppData\Local\GitHubDesktop\bin;."/>
    <property name="java.vm.info" value="mixed mode, sharing"/>
    <property name="stderr.encoding" value="Cp1252"/>
    <property name="java.vendor" value="Oracle Corporation"/>
    <property name="java.vm.version" value="20.0.1+9-29"/>
    <property name="sun.io.unicode.encoding" value="UnicodeLittle"/>
    <property name="java.class.version" value="64.0"/>
  </properties>
  <testcase name="contextLoads" classname="com.ejemplo.SpringBoot.ApplicationTests" time="0.141"/>
</testsuite>